C:\USERS\JONATHAN\DEVELOPMENT\ZAZENGINE\DEBUG\ZAZENOIS.DLL
C:\Users\Jonathan\Development\zazengine\Debug\zaZenOIS.exp
C:\USERS\JONATHAN\DEVELOPMENT\ZAZENGINE\DEBUG\ZAZENOIS.ILK
C:\Users\Jonathan\Development\zazengine\Debug\zaZenOIS.lib
C:\USERS\JONATHAN\DEVELOPMENT\ZAZENGINE\DEBUG\ZAZENOIS.PDB
C:\Users\Jonathan\Development\zazengine\Impl\input\zaZenOIS\Debug\cl.command.1.tlog
C:\Users\Jonathan\Development\zazengine\Impl\input\zaZenOIS\Debug\CL.read.1.tlog
C:\Users\Jonathan\Development\zazengine\Impl\input\zaZenOIS\Debug\CL.write.1.tlog
C:\Users\Jonathan\Development\zazengine\Impl\input\zaZenOIS\Debug\link.command.1.tlog
C:\Users\Jonathan\Development\zazengine\Impl\input\zaZenOIS\Debug\link.read.1.tlog
C:\Users\Jonathan\Development\zazengine\Impl\input\zaZenOIS\Debug\link.write.1.tlog
C:\Users\Jonathan\Development\zazengine\Impl\input\zaZenOIS\Debug\mt.command.1.tlog
C:\Users\Jonathan\Development\zazengine\Impl\input\zaZenOIS\Debug\mt.read.1.tlog
C:\Users\Jonathan\Development\zazengine\Impl\input\zaZenOIS\Debug\mt.write.1.tlog
C:\USERS\JONATHAN\DEVELOPMENT\ZAZENGINE\IMPL\INPUT\ZAZENOIS\DEBUG\TINYSTR.OBJ
C:\USERS\JONATHAN\DEVELOPMENT\ZAZENGINE\IMPL\INPUT\ZAZENOIS\DEBUG\TINYXML.OBJ
C:\USERS\JONATHAN\DEVELOPMENT\ZAZENGINE\IMPL\INPUT\ZAZENOIS\DEBUG\TINYXMLERROR.OBJ
C:\USERS\JONATHAN\DEVELOPMENT\ZAZENGINE\IMPL\INPUT\ZAZENOIS\DEBUG\TINYXMLPARSER.OBJ
C:\Users\Jonathan\Development\zazengine\Impl\input\zaZenOIS\Debug\vc100.idb
C:\USERS\JONATHAN\DEVELOPMENT\ZAZENGINE\IMPL\INPUT\ZAZENOIS\DEBUG\VC100.PDB
C:\USERS\JONATHAN\DEVELOPMENT\ZAZENGINE\IMPL\INPUT\ZAZENOIS\DEBUG\ZAZENOIS.DLL.INTERMEDIATE.MANIFEST
C:\USERS\JONATHAN\DEVELOPMENT\ZAZENGINE\IMPL\INPUT\ZAZENOIS\DEBUG\ZAZENOIS.OBJ
C:\Users\Jonathan\Development\zazengine\Impl\input\zaZenOIS\Debug\zaZenOIS.write.1.tlog
C:\USERS\JONATHAN\DEVELOPMENT\ZAZENGINE\IMPL\INPUT\ZAZENOIS\DEBUG\ZAZENOISENTITY.OBJ
